<?xml version="1.0" encoding="UTF-8"?>
<!-- Generated by org.testng.reporters.JUnitXMLReporter -->
<testsuite ignored="0" hostname="Ankush" failures="1" tests="2" name="BankingApp Test" time="10.297" errors="0" timestamp="07 May 2025 14:48:31 GMT">
  <testcase classname="com.inetbanking.testCases.TC_HomePageTest_001" name="titleTest" time="0.037">
    <failure type="java.lang.AssertionError" message="Page title did not match! expected [Google] but found [Google1529]">
      <![CDATA[java.lang.AssertionError: Page title did not match! expected [Google] but found [Google1529]
at com.inetbanking.testCases.TC_HomePageTest_001.titleTest(TC_HomePageTest_001.java:25)
... Removed 30 stack frames]]>
    </failure>
  </testcase> <!-- titleTest -->
  <testcase classname="com.inetbanking.testCases.TC_HomePageTest_001" name="valueEn" time="0.732"/>
</testsuite> <!-- BankingApp Test -->
