<?xml version="1.0" encoding="UTF-8"?>
<testng-results ignored="0" total="2" passed="2" failed="0" skipped="0">
  <reporter-output>
  </reporter-output>
  <suite started-at="2024-02-21T14:10:46 IST" name="InetBankingV1" finished-at="2024-02-21T14:11:37 IST" duration-ms="50932">
    <groups>
    </groups>
    <test started-at="2024-02-21T14:10:46 IST" name="BankingApp Test" finished-at="2024-02-21T14:11:37 IST" duration-ms="50932">
      <class name="com.inetBanking.testCases.TC_addCustomer_003">
        <test-method is-config="true" signature="setUp()[pri:0, instance:com.inetBanking.testCases.TC_addCustomer_003@75437611]" started-at="2024-02-21T14:11:16 IST" name="setUp" finished-at="2024-02-21T14:11:30 IST" duration-ms="13568" status="PASS">
          <reporter-output>
          </reporter-output>
        </test-method> <!-- setUp -->
        <test-method signature="addCustomer()[pri:0, instance:com.inetBanking.testCases.TC_addCustomer_003@75437611]" started-at="2024-02-21T14:11:30 IST" name="addCustomer" finished-at="2024-02-21T14:11:36 IST" duration-ms="6103" status="PASS">
          <reporter-output>
          </reporter-output>
        </test-method> <!-- addCustomer -->
        <test-method is-config="true" signature="tearDown()[pri:0, instance:com.inetBanking.testCases.TC_addCustomer_003@75437611]" started-at="2024-02-21T14:11:36 IST" name="tearDown" finished-at="2024-02-21T14:11:37 IST" duration-ms="444" status="PASS">
          <reporter-output>
          </reporter-output>
        </test-method> <!-- tearDown -->
      </class> <!-- com.inetBanking.testCases.TC_addCustomer_003 -->
      <class name="com.inetBanking.testCases.TC_LoginTest_001">
        <test-method is-config="true" signature="setUp()[pri:0, instance:com.inetBanking.testCases.TC_LoginTest_001@4be29ed9]" started-at="2024-02-21T14:10:46 IST" name="setUp" finished-at="2024-02-21T14:11:13 IST" duration-ms="26115" status="PASS">
          <reporter-output>
          </reporter-output>
        </test-method> <!-- setUp -->
        <test-method signature="loginTest()[pri:0, instance:com.inetBanking.testCases.TC_LoginTest_001@4be29ed9]" started-at="2024-02-21T14:11:13 IST" name="loginTest" finished-at="2024-02-21T14:11:16 IST" duration-ms="3040" status="PASS">
          <reporter-output>
          </reporter-output>
        </test-method> <!-- loginTest -->
        <test-method is-config="true" signature="tearDown()[pri:0, instance:com.inetBanking.testCases.TC_LoginTest_001@4be29ed9]" started-at="2024-02-21T14:11:16 IST" name="tearDown" finished-at="2024-02-21T14:11:16 IST" duration-ms="802" status="PASS">
          <reporter-output>
          </reporter-output>
        </test-method> <!-- tearDown -->
      </class> <!-- com.inetBanking.testCases.TC_LoginTest_001 -->
    </test> <!-- BankingApp Test -->
  </suite> <!-- InetBankingV1 -->
</testng-results>
